<?xml version="1.0" encoding="UTF-8"?>
<!-- Generated by org.testng.reporters.JUnitXMLReporter -->
<testsuite hostname="ThinkPad-PC" name="Default test" tests="7" failures="0" timestamp="22 Sep 2016 07:41:08 GMT" time="0.588" errors="0">
  <testcase name="deleteEmployeeBySsn" time="0.03" classname="com.nhanvo.springmvc.service.EmployeeServiceImplTest"/>
  <testcase name="findAllEmployees" time="0.008" classname="com.nhanvo.springmvc.service.EmployeeServiceImplTest"/>
  <testcase name="findById" time="0.003" classname="com.nhanvo.springmvc.service.EmployeeServiceImplTest"/>
  <testcase name="findEmployeeBySsn" time="0.002" classname="com.nhanvo.springmvc.service.EmployeeServiceImplTest"/>
  <testcase name="isEmployeeSsnUnique" time="0.001" classname="com.nhanvo.springmvc.service.EmployeeServiceImplTest"/>
  <testcase name="saveEmployee" time="0.001" classname="com.nhanvo.springmvc.service.EmployeeServiceImplTest"/>
  <testcase name="updateEmployee" time="0.002" classname="com.nhanvo.springmvc.service.EmployeeServiceImplTest"/>
</testsuite> <!-- Default test -->
