<?xml version="1.0" encoding="UTF-8"?>
<testng-results skipped="0" failed="0" total="7" passed="7">
  <reporter-output>
  </reporter-output>
  <suite name="Default suite" duration-ms="588" started-at="2016-09-22T07:41:07Z" finished-at="2016-09-22T07:41:08Z">
    <groups>
    </groups>
    <test name="Default test" duration-ms="588" started-at="2016-09-22T07:41:07Z" finished-at="2016-09-22T07:41:08Z">
      <class name="com.nhanvo.springmvc.service.EmployeeServiceImplTest">
        <test-method status="PASS" signature="setUp()[pri:0, instance:com.nhanvo.springmvc.service.EmployeeServiceImplTest@cc285f4]" name="setUp" is-config="true" duration-ms="502" started-at="2016-09-22T14:41:07Z" finished-at="2016-09-22T14:41:08Z">
          <reporter-output>
          </reporter-output>
        </test-method> <!-- setUp -->
        <test-method status="PASS" signature="deleteEmployeeBySsn()[pri:0, instance:com.nhanvo.springmvc.service.EmployeeServiceImplTest@cc285f4]" name="deleteEmployeeBySsn" duration-ms="30" started-at="2016-09-22T14:41:08Z" finished-at="2016-09-22T14:41:08Z">
          <reporter-output>
          </reporter-output>
        </test-method> <!-- deleteEmployeeBySsn -->
        <test-method status="PASS" signature="findAllEmployees()[pri:0, instance:com.nhanvo.springmvc.service.EmployeeServiceImplTest@cc285f4]" name="findAllEmployees" duration-ms="8" started-at="2016-09-22T14:41:08Z" finished-at="2016-09-22T14:41:08Z">
          <reporter-output>
          </reporter-output>
        </test-method> <!-- findAllEmployees -->
        <test-method status="PASS" signature="findById()[pri:0, instance:com.nhanvo.springmvc.service.EmployeeServiceImplTest@cc285f4]" name="findById" duration-ms="3" started-at="2016-09-22T14:41:08Z" finished-at="2016-09-22T14:41:08Z">
          <reporter-output>
          </reporter-output>
        </test-method> <!-- findById -->
        <test-method status="PASS" signature="findEmployeeBySsn()[pri:0, instance:com.nhanvo.springmvc.service.EmployeeServiceImplTest@cc285f4]" name="findEmployeeBySsn" duration-ms="2" started-at="2016-09-22T14:41:08Z" finished-at="2016-09-22T14:41:08Z">
          <reporter-output>
          </reporter-output>
        </test-method> <!-- findEmployeeBySsn -->
        <test-method status="PASS" signature="isEmployeeSsnUnique()[pri:0, instance:com.nhanvo.springmvc.service.EmployeeServiceImplTest@cc285f4]" name="isEmployeeSsnUnique" duration-ms="1" started-at="2016-09-22T14:41:08Z" finished-at="2016-09-22T14:41:08Z">
          <reporter-output>
          </reporter-output>
        </test-method> <!-- isEmployeeSsnUnique -->
        <test-method status="PASS" signature="saveEmployee()[pri:0, instance:com.nhanvo.springmvc.service.EmployeeServiceImplTest@cc285f4]" name="saveEmployee" duration-ms="1" started-at="2016-09-22T14:41:08Z" finished-at="2016-09-22T14:41:08Z">
          <reporter-output>
          </reporter-output>
        </test-method> <!-- saveEmployee -->
        <test-method status="PASS" signature="updateEmployee()[pri:0, instance:com.nhanvo.springmvc.service.EmployeeServiceImplTest@cc285f4]" name="updateEmployee" duration-ms="2" started-at="2016-09-22T14:41:08Z" finished-at="2016-09-22T14:41:08Z">
          <reporter-output>
          </reporter-output>
        </test-method> <!-- updateEmployee -->
      </class> <!-- com.nhanvo.springmvc.service.EmployeeServiceImplTest -->
    </test> <!-- Default test -->
  </suite> <!-- Default suite -->
</testng-results>
